# JRE version: Java(TM) SE Runtime Environment (8.0_60-b27) (build 1.8.0_60-b27)
# Java VM: Java HotSpot(TM) 64-Bit Server VM (25.60-b23 mixed mode bsd-amd64 compressed oops)
Heap:
 PSYoungGen      total 318976K, used 245371K [0x00000007aab00000, 0x00000007c0000000, 0x00000007c0000000)
  eden space 288768K, 79% used [0x00000007aab00000,0x00000007b8c85070,0x00000007bc500000)
  from space 30208K, 47% used [0x00000007be280000,0x00000007bf099bd0,0x00000007c0000000)
  to   space 30208K, 0% used [0x00000007bc500000,0x00000007bc500000,0x00000007be280000)
 ParOldGen       total 183296K, used 50652K [0x0000000780000000, 0x000000078b300000, 0x00000007aab00000)
  object space 183296K, 27% used [0x0000000780000000,0x0000000783177008,0x000000078b300000)
 Metaspace       used 57064K, capacity 60202K, committed 60416K, reserved 1101824K
  class space    used 7816K, capacity 8956K, committed 8960K, reserved 1048576K
GC Heap History (10 events):
Event: 6.739 GC heap before
{Heap before GC invocations=13 (full 2):
 PSYoungGen      total 257536K, used 16361K [0x00000007aab00000, 0x00000007c0000000, 0x00000007c0000000)
  eden space 241152K, 0% used [0x00000007aab00000,0x00000007aab00000,0x00000007b9680000)
  from space 16384K, 99% used [0x00000007b9680000,0x00000007ba67a760,0x00000007ba680000)
  to   space 19968K, 0% used [0x00000007bec80000,0x00000007bec80000,0x00000007c0000000)
 ParOldGen       total 119808K, used 15966K [0x0000000780000000, 0x0000000787500000, 0x00000007aab00000)
  object space 119808K, 13% used [0x0000000780000000,0x0000000780f97a90,0x0000000787500000)
 Metaspace       used 34066K, capacity 35376K, committed 35416K, reserved 1079296K
  class space    used 4570K, capacity 5098K, committed 5120K, reserved 1048576K
Event: 6.818 GC heap after
Heap after GC invocations=13 (full 2):
 PSYoungGen      total 257536K, used 0K [0x00000007aab00000, 0x00000007c0000000, 0x00000007c0000000)
  eden space 241152K, 0% used [0x00000007aab00000,0x00000007aab00000,0x00000007b9680000)
  from space 16384K, 0% used [0x00000007b9680000,0x00000007b9680000,0x00000007ba680000)
  to   space 19968K, 0% used [0x00000007bec80000,0x00000007bec80000,0x00000007c0000000)
 ParOldGen       total 183296K, used 24688K [0x0000000780000000, 0x000000078b300000, 0x00000007aab00000)
  object space 183296K, 13% used [0x0000000780000000,0x000000078181c240,0x000000078b300000)
 Metaspace       used 33885K, capacity 34760K, committed 35416K, reserved 1079296K
  class space    used 4529K, capacity 4894K, committed 5120K, reserved 1048576K
}
Event: 15.587 GC heap before
{Heap before GC invocations=14 (full 2):
 PSYoungGen      total 257536K, used 241152K [0x00000007aab00000, 0x00000007c0000000, 0x00000007c0000000)
  eden space 241152K, 100% used [0x00000007aab00000,0x00000007b9680000,0x00000007b9680000)
  from space 16384K, 0% used [0x00000007b9680000,0x00000007b9680000,0x00000007ba680000)
  to   space 19968K, 0% used [0x00000007bec80000,0x00000007bec80000,0x00000007c0000000)
 ParOldGen       total 183296K, used 24688K [0x0000000780000000, 0x000000078b300000, 0x00000007aab00000)
  object space 183296K, 13% used [0x0000000780000000,0x000000078181c240,0x000000078b300000)
 Metaspace       used 45028K, capacity 46614K, committed 46848K, reserved 1089536K
  class space    used 6165K, capacity 6820K, committed 6912K, reserved 1048576K
Event: 15.609 GC heap after
Heap after GC invocations=14 (full 2):
 PSYoungGen      total 313856K, used 19954K [0x00000007aab00000, 0x00000007c0000000, 0x00000007c0000000)
  eden space 293888K, 0% used [0x00000007aab00000,0x00000007aab00000,0x00000007bca00000)
  from space 19968K, 99% used [0x00000007bec80000,0x00000007bfffca30,0x00000007c0000000)
  to   space 27648K, 0% used [0x00000007bca00000,0x00000007bca00000,0x00000007be500000)
 ParOldGen       total 183296K, used 36414K [0x0000000780000000, 0x000000078b300000, 0x00000007aab00000)
  object space 183296K, 19% used [0x0000000780000000,0x000000078238f9f0,0x000000078b300000)
 Metaspace       used 45028K, capacity 46614K, committed 46848K, reserved 1089536K
  class space    used 6165K, capacity 6820K, committed 6912K, reserved 1048576K
}
Event: 17.562 GC heap before
{Heap before GC invocations=15 (full 2):
 PSYoungGen      total 313856K, used 78062K [0x00000007aab00000, 0x00000007c0000000, 0x00000007c0000000)
  eden space 293888K, 19% used [0x00000007aab00000,0x00000007ae3bf048,0x00000007bca00000)
  from space 19968K, 99% used [0x00000007bec80000,0x00000007bfffca30,0x00000007c0000000)
  to   space 27648K, 0% used [0x00000007bca00000,0x00000007bca00000,0x00000007be500000)
 ParOldGen       total 183296K, used 36414K [0x0000000780000000, 0x000000078b300000, 0x00000007aab00000)
  object space 183296K, 19% used [0x0000000780000000,0x000000078238f9f0,0x000000078b300000)
 Metaspace       used 46943K, capacity 49064K, committed 49280K, reserved 1091584K
  class space    used 6468K, capacity 7242K, committed 7296K, reserved 1048576K
Event: 17.580 GC heap after
Heap after GC invocations=15 (full 2):
 PSYoungGen      total 318976K, used 24655K [0x00000007aab00000, 0x00000007c0000000, 0x00000007c0000000)
  eden space 293888K, 0% used [0x00000007aab00000,0x00000007aab00000,0x00000007bca00000)
  from space 25088K, 98% used [0x00000007bca00000,0x00000007be213cb8,0x00000007be280000)
  to   space 30208K, 0% used [0x00000007be280000,0x00000007be280000,0x00000007c0000000)
 ParOldGen       total 183296K, used 36422K [0x0000000780000000, 0x000000078b300000, 0x00000007aab00000)
  object space 183296K, 19% used [0x0000000780000000,0x00000007823919f0,0x000000078b300000)
 Metaspace       used 46943K, capacity 49064K, committed 49280K, reserved 1091584K
  class space    used 6468K, capacity 7242K, committed 7296K, reserved 1048576K
}
Event: 17.580 GC heap before
{Heap before GC invocations=16 (full 3):
 PSYoungGen      total 318976K, used 24655K [0x00000007aab00000, 0x00000007c0000000, 0x00000007c0000000)
  eden space 293888K, 0% used [0x00000007aab00000,0x00000007aab00000,0x00000007bca00000)
  from space 25088K, 98% used [0x00000007bca00000,0x00000007be213cb8,0x00000007be280000)
  to   space 30208K, 0% used [0x00000007be280000,0x00000007be280000,0x00000007c0000000)
 ParOldGen       total 183296K, used 36422K [0x0000000780000000, 0x000000078b300000, 0x00000007aab00000)
  object space 183296K, 19% used [0x0000000780000000,0x00000007823919f0,0x000000078b300000)
 Metaspace       used 46943K, capacity 49064K, committed 49280K, reserved 1091584K
  class space    used 6468K, capacity 7242K, committed 7296K, reserved 1048576K
Event: 17.742 GC heap after
Heap after GC invocations=16 (full 3):
 PSYoungGen      total 318976K, used 0K [0x00000007aab00000, 0x00000007c0000000, 0x00000007c0000000)
  eden space 293888K, 0% used [0x00000007aab00000,0x00000007aab00000,0x00000007bca00000)
  from space 25088K, 0% used [0x00000007bca00000,0x00000007bca00000,0x00000007be280000)
  to   space 30208K, 0% used [0x00000007be280000,0x00000007be280000,0x00000007c0000000)
 ParOldGen       total 183296K, used 50644K [0x0000000780000000, 0x000000078b300000, 0x00000007aab00000)
  object space 183296K, 27% used [0x0000000780000000,0x0000000783175008,0x000000078b300000)
 Metaspace       used 46943K, capacity 49064K, committed 49280K, reserved 1091584K
  class space    used 6468K, capacity 7242K, committed 7296K, reserved 1048576K
}
Event: 22.608 GC heap before
{Heap before GC invocations=17 (full 3):
 PSYoungGen      total 318976K, used 293888K [0x00000007aab00000, 0x00000007c0000000, 0x00000007c0000000)
  eden space 293888K, 100% used [0x00000007aab00000,0x00000007bca00000,0x00000007bca00000)
  from space 25088K, 0% used [0x00000007bca00000,0x00000007bca00000,0x00000007be280000)
  to   space 30208K, 0% used [0x00000007be280000,0x00000007be280000,0x00000007c0000000)
 ParOldGen       total 183296K, used 50644K [0x0000000780000000, 0x000000078b300000, 0x00000007aab00000)
  object space 183296K, 27% used [0x0000000780000000,0x0000000783175008,0x000000078b300000)
 Metaspace       used 50646K, capacity 53188K, committed 53504K, reserved 1095680K
  class space    used 6974K, capacity 7867K, committed 7936K, reserved 1048576K
Event: 22.633 GC heap after
Heap after GC invocations=17 (full 3):
 PSYoungGen      total 318976K, used 14438K [0x00000007aab00000, 0x00000007c0000000, 0x00000007c0000000)
  eden space 288768K, 0% used [0x00000007aab00000,0x00000007aab00000,0x00000007bc500000)
  from space 30208K, 47% used [0x00000007be280000,0x00000007bf099bd0,0x00000007c0000000)
  to   space 30208K, 0% used [0x00000007bc500000,0x00000007bc500000,0x00000007be280000)
 ParOldGen       total 183296K, used 50652K [0x0000000780000000, 0x000000078b300000, 0x00000007aab00000)
  object space 183296K, 27% used [0x0000000780000000,0x0000000783177008,0x000000078b300000)
 Metaspace       used 50646K, capacity 53188K, committed 53504K, reserved 1095680K
  class space    used 6974K, capacity 7867K, committed 7936K, reserved 1048576K
}

